Configuration on demand is an incubating feature.
> Task :gradle-plugin:settings-plugin:checkKotlinGradlePluginConfigurationErrors SKIPPED
> Task :gradle-plugin:shared:checkKotlinGradlePluginConfigurationErrors SKIPPED
> Task :expo-gradle-plugin:expo-autolinking-plugin-shared:checkKotlinGradlePluginConfigurationErrors SKIPPED
> Task :expo-gradle-plugin:expo-autolinking-settings-plugin:checkKotlinGradlePluginConfigurationErrors SKIPPED
> Task :gradle-plugin:settings-plugin:pluginDescriptors
> Task :expo-gradle-plugin:expo-autolinking-settings-plugin:pluginDescriptors
> Task :expo-gradle-plugin:expo-autolinking-settings-plugin:processResources
> Task :gradle-plugin:settings-plugin:processResources
> Task :gradle-plugin:shared:compileKotlin FROM-CACHE
> Task :gradle-plugin:shared:compileJava NO-SOURCE
> Task :gradle-plugin:shared:processResources NO-SOURCE
> Task :gradle-plugin:shared:classes UP-TO-DATE
> Task :gradle-plugin:shared:jar
> Task :expo-gradle-plugin:expo-autolinking-plugin-shared:compileKotlin FROM-CACHE
> Task :expo-gradle-plugin:expo-autolinking-plugin-shared:compileJava NO-SOURCE
> Task :expo-gradle-plugin:expo-autolinking-plugin-shared:processResources NO-SOURCE
> Task :expo-gradle-plugin:expo-autolinking-plugin-shared:classes UP-TO-DATE
> Task :expo-gradle-plugin:expo-autolinking-plugin-shared:jar
> Task :gradle-plugin:settings-plugin:compileKotlin FROM-CACHE
> Task :gradle-plugin:settings-plugin:compileJava NO-SOURCE
> Task :gradle-plugin:settings-plugin:classes
> Task :gradle-plugin:settings-plugin:jar
> Task :expo-gradle-plugin:expo-autolinking-settings-plugin:compileKotlin FROM-CACHE
> Task :expo-gradle-plugin:expo-autolinking-settings-plugin:compileJava NO-SOURCE
> Task :expo-gradle-plugin:expo-autolinking-settings-plugin:classes
> Task :expo-gradle-plugin:expo-autolinking-settings-plugin:jar
> Task :expo-gradle-plugin:expo-autolinking-plugin:checkKotlinGradlePluginConfigurationErrors SKIPPED
> Task :gradle-plugin:react-native-gradle-plugin:checkKotlinGradlePluginConfigurationErrors SKIPPED
> Task :expo-module-gradle-plugin:checkKotlinGradlePluginConfigurationErrors SKIPPED
> Task :expo-dev-launcher-gradle-plugin:checkKotlinGradlePluginConfigurationErrors SKIPPED
> Task :expo-dev-launcher-gradle-plugin:pluginDescriptors
> Task :expo-module-gradle-plugin:pluginDescriptors
> Task :expo-module-gradle-plugin:processResources
> Task :expo-dev-launcher-gradle-plugin:processResources
> Task :expo-gradle-plugin:expo-autolinking-plugin:compileKotlin FROM-CACHE
> Task :expo-gradle-plugin:expo-autolinking-plugin:compileJava NO-SOURCE
> Task :expo-gradle-plugin:expo-autolinking-plugin:pluginDescriptors
> Task :expo-gradle-plugin:expo-autolinking-plugin:processResources
> Task :expo-gradle-plugin:expo-autolinking-plugin:classes
> Task :gradle-plugin:react-native-gradle-plugin:compileKotlin FROM-CACHE
> Task :gradle-plugin:react-native-gradle-plugin:compileJava NO-SOURCE
> Task :gradle-plugin:react-native-gradle-plugin:pluginDescriptors
> Task :expo-gradle-plugin:expo-autolinking-plugin:jar
> Task :gradle-plugin:react-native-gradle-plugin:processResources
> Task :gradle-plugin:react-native-gradle-plugin:classes
> Task :gradle-plugin:react-native-gradle-plugin:jar
> Task :expo-module-gradle-plugin:compileKotlin FROM-CACHE
> Task :expo-module-gradle-plugin:compileJava NO-SOURCE
> Task :expo-module-gradle-plugin:classes

> Task :expo-module-gradle-plugin:jar
:jar: A valid plugin descriptor was found for expo-dev-launcher-gradle-plugin.properties but the implementation class expo.modules.devlauncher.DevLauncherPlugin was not found in the jar.
:jar: A valid plugin descriptor was found for expo-module-gradle-plugin.properties but the implementation class expo.modules.plugin.ExpoModulesGradlePlugin was not found in the jar.

> Task :expo-dev-launcher-gradle-plugin:compileKotlin FAILED

FAILURE: Build failed with an exception.

* What went wrong:
Execution failed for task ':expo-dev-launcher-gradle-plugin:compileKotlin'.
> Unable to delete directory 'C:\Users\Administrateur\build-wp\root\kotlin\compileKotlin\cacheable'
    Failed to delete some children. This might happen because a process has files open or has its working directory set in the target directory.
    - C:\Users\Administrateur\build-wp\root\kotlin\compileKotlin\cacheable\caches-jvm\jvm\kotlin
    - C:\Users\Administrateur\build-wp\root\kotlin\compileKotlin\cacheable\caches-jvm\jvm
    - C:\Users\Administrateur\build-wp\root\kotlin\compileKotlin\cacheable\caches-jvm
    New files were found. This might happen because a process is still writing to the target directory.
    - C:\Users\Administrateur\build-wp\root\kotlin\compileKotlin\cacheable\last-build.bin
    - C:\Users\Administrateur\build-wp\root\kotlin\compileKotlin\cacheable\caches-jvm\lookups
    - C:\Users\Administrateur\build-wp\root\kotlin\compileKotlin\cacheable\caches-jvm\lookups\lookups.tab_i.len
    - C:\Users\Administrateur\build-wp\root\kotlin\compileKotlin\cacheable\caches-jvm\lookups\lookups.tab_i
    - C:\Users\Administrateur\build-wp\root\kotlin\compileKotlin\cacheable\caches-jvm\lookups\lookups.tab.values.at
    - C:\Users\Administrateur\build-wp\root\kotlin\compileKotlin\cacheable\caches-jvm\lookups\lookups.tab.len
    - C:\Users\Administrateur\build-wp\root\kotlin\compileKotlin\cacheable\caches-jvm\lookups\lookups.tab.keystream.len
    - C:\Users\Administrateur\build-wp\root\kotlin\compileKotlin\cacheable\caches-jvm\lookups\lookups.tab.keystream
    - C:\Users\Administrateur\build-wp\root\kotlin\compileKotlin\cacheable\caches-jvm\lookups\lookups.tab
    - C:\Users\Administrateur\build-wp\root\kotlin\compileKotlin\cacheable\caches-jvm\lookups\id-to-file.tab_i.len
    - C:\Users\Administrateur\build-wp\root\kotlin\compileKotlin\cacheable\caches-jvm\lookups\id-to-file.tab_i
    - C:\Users\Administrateur\build-wp\root\kotlin\compileKotlin\cacheable\caches-jvm\lookups\id-to-file.tab.values.at
    - C:\Users\Administrateur\build-wp\root\kotlin\compileKotlin\cacheable\caches-jvm\lookups\id-to-file.tab.len
    - C:\Users\Administrateur\build-wp\root\kotlin\compileKotlin\cacheable\caches-jvm\lookups\id-to-file.tab.keystream.len
    - C:\Users\Administrateur\build-wp\root\kotlin\compileKotlin\cacheable\caches-jvm\lookups\id-to-file.tab.keystream
    - C:\Users\Administrateur\build-wp\root\kotlin\compileKotlin\cacheable\caches-jvm\lookups\id-to-file.tab
    - and more ...

* Try:
> Run with --stacktrace option to get the stack trace.
> Run with --info or --debug option to get more log output.
> Run with --scan to get full insights.
> Get more help at https://help.gradle.org.

BUILD FAILED in 3s
27 actionable tasks: 20 executed, 7 from cache
